c:\users\ionut\desktop\facultate\facultate\anul4\sem1\piu\piu_git\piu-project\x64\debug\tower.obj
c:\users\ionut\desktop\facultate\facultate\anul4\sem1\piu\piu_git\piu-project\x64\debug\enemy.obj
c:\users\ionut\desktop\facultate\facultate\anul4\sem1\piu\piu_git\piu-project\x64\debug\functions.obj
c:\users\ionut\desktop\facultate\facultate\anul4\sem1\piu\piu_git\piu-project\x64\debug\mainwindow.obj
c:\users\ionut\desktop\facultate\facultate\anul4\sem1\piu\piu_git\piu-project\x64\debug\startgame.obj
c:\users\ionut\desktop\facultate\facultate\anul4\sem1\piu\piu_git\piu-project\x64\debug\board.obj
c:\users\ionut\desktop\facultate\facultate\anul4\sem1\piu\piu_git\piu-project\x64\debug\player.obj
c:\users\ionut\desktop\facultate\facultate\anul4\sem1\piu\piu_git\piu-project\x64\debug\level.obj
c:\users\ionut\desktop\facultate\facultate\anul4\sem1\piu\piu_git\piu-project\x64\debug\mainclass.obj
c:\users\ionut\desktop\facultate\facultate\anul4\sem1\piu\piu_git\piu-project\x64\debug\vc142.pdb
c:\users\ionut\desktop\facultate\facultate\anul4\sem1\piu\piu_git\piu-project\x64\debug\moc_mainwindow.obj
c:\users\ionut\desktop\facultate\facultate\anul4\sem1\piu\piu_git\piu-project\x64\debug\moc_startgame.obj
c:\users\ionut\desktop\facultate\facultate\anul4\sem1\piu\piu_git\piu-project\x64\debug\moc_enemy.obj
c:\users\ionut\desktop\facultate\facultate\anul4\sem1\piu\piu_git\piu-project\x64\debug\piu_project.exe
c:\users\ionut\desktop\facultate\facultate\anul4\sem1\piu\piu_git\piu-project\x64\debug\piu_project.ilk
c:\users\ionut\desktop\facultate\facultate\anul4\sem1\piu\piu_git\piu-project\x64\debug\piu_project.pdb
c:\users\ionut\desktop\facultate\facultate\anul4\sem1\piu\piu_git\piu-project\x64\debug\moc\moc_enemy.cpp
c:\users\ionut\desktop\facultate\facultate\anul4\sem1\piu\piu_git\piu-project\x64\debug\moc\moc_mainwindow.cpp
c:\users\ionut\desktop\facultate\facultate\anul4\sem1\piu\piu_git\piu-project\x64\debug\moc\moc_startgame.cpp
c:\users\ionut\desktop\facultate\facultate\anul4\sem1\piu\piu_git\piu-project\x64\debug\piu_project.lib
c:\users\ionut\desktop\facultate\facultate\anul4\sem1\piu\piu_git\piu-project\x64\debug\piu_project.exp
c:\users\ionut\desktop\facultate\facultate\anul4\sem1\piu\piu_git\piu-project\x64\debug\piu_project.tlog\cl.command.1.tlog
c:\users\ionut\desktop\facultate\facultate\anul4\sem1\piu\piu_git\piu-project\x64\debug\piu_project.tlog\cl.read.1.tlog
c:\users\ionut\desktop\facultate\facultate\anul4\sem1\piu\piu_git\piu-project\x64\debug\piu_project.tlog\cl.write.1.tlog
c:\users\ionut\desktop\facultate\facultate\anul4\sem1\piu\piu_git\piu-project\x64\debug\piu_project.tlog\link.command.1.tlog
c:\users\ionut\desktop\facultate\facultate\anul4\sem1\piu\piu_git\piu-project\x64\debug\piu_project.tlog\link.read.1.tlog
c:\users\ionut\desktop\facultate\facultate\anul4\sem1\piu\piu_git\piu-project\x64\debug\piu_project.tlog\link.write.1.tlog
c:\users\ionut\desktop\facultate\facultate\anul4\sem1\piu\piu_git\piu-project\x64\debug\piu_project.tlog\moc.read.1u.tlog
c:\users\ionut\desktop\facultate\facultate\anul4\sem1\piu\piu_git\piu-project\x64\debug\piu_project.tlog\moc.write.1u.tlog
c:\users\ionut\desktop\facultate\facultate\anul4\sem1\piu\piu_git\piu-project\x64\debug\piu_project.tlog\piu_project.write.1u.tlog
